Arguments: 
  /usr/bin/node /usr/share/yarn/bin/yarn.js watch

PATH: 
  /home/eguneys/.local/bin:/home/eguneys/.yarn/bin:/home/eguneys/.npm-global/bin:/usr/local/sbin:/usr/local/bin:/usr/bin:/home/eguneys/bin:/home/eguneys/.local/bin:/home/eguneys/.yarn/bin:/home/eguneys/.npm-global/bin:/usr/local/sbin:/usr/local/bin:/usr/bin:/home/eguneys/bin:/usr/local/sbin:/usr/local/bin:/usr/sbin:/usr/bin:/sbin:/bin:/usr/games:/usr/local/games:/snap/bin:/home/eguneys/gems/bin:/home/eguneys/.rvm/bin:/home/eguneys/fp/scala/learn/activator-dist-1.3.6:/home/eguneys/bin:/home/eguneys/gems/bin:/home/eguneys/.rvm/bin:/home/eguneys/fp/scala/learn/activator-dist-1.3.6:/home/eguneys/bin

Yarn version: 
  1.22.4

Node version: 
  14.12.0

Platform: 
  linux x64

Trace: 
  SyntaxError: /home/eguneys/js/chess/package.json: Unexpected string in JSON at position 223
      at JSON.parse (<anonymous>)
      at /usr/share/yarn/lib/cli.js:1625:59
      at Generator.next (<anonymous>)
      at step (/usr/share/yarn/lib/cli.js:310:30)
      at /usr/share/yarn/lib/cli.js:321:13

npm manifest: 
  {
    "name": "chess",
    "version": "1.0.0",
    "description": "Free Chess Articles",
    "scripts": {
      "copy": "cp ~/js/chessmd/dist/* assets -ru",
      "build": "jener _pages .",
      "watch": "watch 'yarn build' _pages"
      "dev": "yarn watch & live-server --port=3000 > /dev/null"
    },
    "repository": "git@github.com:eguneys/chess.git",
    "author": "Emre Guneyler <eguneys@hotmail.com>",
    "license": "MIT",
    "dependencies": {
      "watch": "^1.0.2"
    }
  }

yarn manifest: 
  No manifest

Lockfile: 
  # THIS IS AN AUTOGENERATED FILE. DO NOT EDIT THIS FILE DIRECTLY.
  # yarn lockfile v1
  
  
  exec-sh@^0.2.0:
    version "0.2.2"
    resolved "https://registry.yarnpkg.com/exec-sh/-/exec-sh-0.2.2.tgz#2a5e7ffcbd7d0ba2755bdecb16e5a427dfbdec36"
    integrity sha512-FIUCJz1RbuS0FKTdaAafAByGS0CPvU3R0MeHxgtl+djzCc//F8HakL8GzmVNZanasTbTAY/3DRFA0KpVqj/eAw==
    dependencies:
      merge "^1.2.0"
  
  merge@^1.2.0:
    version "1.2.1"
    resolved "https://registry.yarnpkg.com/merge/-/merge-1.2.1.tgz#38bebf80c3220a8a487b6fcfb3941bb11720c145"
    integrity sha512-VjFo4P5Whtj4vsLzsYBu5ayHhoHJ0UqNm7ibvShmbmoz7tGi0vXaoJbGdB+GmDMLUdg8DpQXEIeVDAe8MaABvQ==
  
  minimist@^1.2.0:
    version "1.2.5"
    resolved "https://registry.yarnpkg.com/minimist/-/minimist-1.2.5.tgz#67d66014b66a6a8aaa0c083c5fd58df4e4e97602"
    integrity sha512-FM9nNUYrRBAELZQT3xeZQ7fmMOBg6nWNmJKTcgsJeaLstP/UODVpGsr5OhXhhXg6f+qtJ8uiZ+PUxkDWcgIXLw==
  
  watch@^1.0.2:
    version "1.0.2"
    resolved "https://registry.yarnpkg.com/watch/-/watch-1.0.2.tgz#340a717bde765726fa0aa07d721e0147a551df0c"
    integrity sha1-NApxe952Vyb6CqB9ch4BR6VR3ww=
    dependencies:
      exec-sh "^0.2.0"
      minimist "^1.2.0"
